<?xml version="1.0" encoding="UTF-8"?>
<!-- Generated by org.testng.reporters.JUnitXMLReporter -->
<testsuite ignored="10" hostname="Motiurs-MBP.fios-router.home" failures="0" tests="1" name="Default test" time="20.057" errors="0" timestamp="2022-10-06T14:23:40 EDT">
  <testcase classname="testPages.HomePageTest" name="use_of_getTitle_method_use_assertation" time="2.062"/>
  <testcase classname="testPages.HomePageTest" name="mouseHoverAction01" time="0.0">
    <ignored/>
  </testcase> <!-- mouseHoverAction01 -->
  <testcase classname="testPages.HomePageTest" name="dropdown_selectByIndex_method01" time="0.0">
    <ignored/>
  </testcase> <!-- dropdown_selectByIndex_method01 -->
  <testcase classname="testPages.HomePageTest" name="logoTest02" time="0.0">
    <ignored/>
  </testcase> <!-- logoTest02 -->
  <testcase classname="testPages.HomePageTest" name="logoTest01" time="0.0">
    <ignored/>
  </testcase> <!-- logoTest01 -->
  <testcase classname="testPages.HomePageTest" name="use_of_getTitle_method01" time="0.0">
    <ignored/>
  </testcase> <!-- use_of_getTitle_method01 -->
  <testcase classname="testPages.HomePageTest" name="logoTest04" time="0.0">
    <ignored/>
  </testcase> <!-- logoTest04 -->
  <testcase classname="testPages.HomePageTest" name="logoTest03" time="0.0">
    <ignored/>
  </testcase> <!-- logoTest03 -->
  <testcase classname="testPages.HomePageTest" name="logoTest" time="0.0">
    <ignored/>
  </testcase> <!-- logoTest -->
  <testcase classname="testPages.HomePageTest" name="dropdown_selectByIndex_method02" time="0.0">
    <ignored/>
  </testcase> <!-- dropdown_selectByIndex_method02 -->
  <testcase classname="testPages.HomePageTest" name="dropdown_selectByIndex_method03" time="0.0">
    <ignored/>
  </testcase> <!-- dropdown_selectByIndex_method03 -->
</testsuite> <!-- Default test -->
