<?xml version="1.0" encoding="UTF-8"?>
<testng-results ignored="10" total="11" passed="1" failed="0" skipped="0">
  <reporter-output>
  </reporter-output>
  <suite started-at="2022-10-06T14:23:20 EDT" name="Default suite" finished-at="2022-10-06T14:23:40 EDT" duration-ms="20057">
    <groups>
    </groups>
    <test started-at="2022-10-06T14:23:20 EDT" name="Default test" finished-at="2022-10-06T14:23:40 EDT" duration-ms="20057">
      <class name="testPages.HomePageTest">
        <test-method is-config="true" signature="setUp()[pri:0, instance:testPages.HomePageTest@4659191b]" started-at="2022-10-06T14:23:20 EDT" name="setUp" finished-at="2022-10-06T14:23:37 EDT" duration-ms="17768" status="PASS">
          <reporter-output>
          </reporter-output>
        </test-method> <!-- setUp -->
        <test-method signature="use_of_getTitle_method_use_assertation()[pri:0, instance:testPages.HomePageTest@4659191b]" started-at="2022-10-06T14:23:37 EDT" name="use_of_getTitle_method_use_assertation" finished-at="2022-10-06T14:23:39 EDT" duration-ms="2062" status="PASS">
          <reporter-output>
          </reporter-output>
        </test-method> <!-- use_of_getTitle_method_use_assertation -->
        <test-method is-config="true" signature="tearUp()[pri:0, instance:testPages.HomePageTest@4659191b]" started-at="2022-10-06T14:23:39 EDT" name="tearUp" finished-at="2022-10-06T14:23:40 EDT" duration-ms="173" status="PASS">
          <reporter-output>
          </reporter-output>
        </test-method> <!-- tearUp -->
      </class> <!-- testPages.HomePageTest -->
    </test> <!-- Default test -->
  </suite> <!-- Default suite -->
</testng-results>
